D:\SCU1819\SwDev5te\DataStruct\Pointer\Debug\cl.command.1.tlog
D:\SCU1819\SwDev5te\DataStruct\Pointer\Debug\CL.read.1.tlog
D:\SCU1819\SwDev5te\DataStruct\Pointer\Debug\CL.write.1.tlog
D:\SCU1819\SwDev5te\DataStruct\Pointer\Debug\link.14504.read.1.tlog
D:\SCU1819\SwDev5te\DataStruct\Pointer\Debug\link.14504.write.1.tlog
D:\SCU1819\SwDev5te\DataStruct\Pointer\Debug\link.14504-cvtres.read.1.tlog
D:\SCU1819\SwDev5te\DataStruct\Pointer\Debug\link.14504-cvtres.write.1.tlog
D:\SCU1819\SwDev5te\DataStruct\Pointer\Debug\link.command.1.tlog
D:\SCU1819\SwDev5te\DataStruct\Pointer\Debug\link.read.1.tlog
D:\SCU1819\SwDev5te\DataStruct\Pointer\Debug\link.write.1.tlog
D:\SCU1819\SwDev5te\DataStruct\Pointer\Debug\link-cvtres.read.1.tlog
D:\SCU1819\SwDev5te\DataStruct\Pointer\Debug\link-cvtres.write.1.tlog
D:\SCU1819\SWDEV5TE\DATASTRUCT\POINTER\DEBUG\MPOINTERDEMO1.OBJ
D:\SCU1819\SwDev5te\DataStruct\Pointer\Debug\mt.command.1.tlog
D:\SCU1819\SwDev5te\DataStruct\Pointer\Debug\mt.read.1.tlog
D:\SCU1819\SwDev5te\DataStruct\Pointer\Debug\mt.write.1.tlog
D:\SCU1819\SWDEV5TE\DATASTRUCT\POINTER\DEBUG\PRJ.EXE
D:\SCU1819\SWDEV5TE\DATASTRUCT\POINTER\DEBUG\PRJ.EXE.EMBED.MANIFEST
D:\SCU1819\SWDEV5TE\DATASTRUCT\POINTER\DEBUG\PRJ.EXE.EMBED.MANIFEST.RES
D:\SCU1819\SWDEV5TE\DATASTRUCT\POINTER\DEBUG\PRJ.EXE.INTERMEDIATE.MANIFEST
D:\SCU1819\SWDEV5TE\DATASTRUCT\POINTER\DEBUG\PRJ.ILK
D:\SCU1819\SWDEV5TE\DATASTRUCT\POINTER\DEBUG\PRJ.PDB
D:\SCU1819\SwDev5te\DataStruct\Pointer\Debug\prj.vcxprojResolveAssemblyReference.cache
D:\SCU1819\SwDev5te\DataStruct\Pointer\Debug\prj.write.1.tlog
D:\SCU1819\SwDev5te\DataStruct\Pointer\Debug\prj_manifest.rc
D:\SCU1819\SwDev5te\DataStruct\Pointer\Debug\rc.command.1.tlog
D:\SCU1819\SwDev5te\DataStruct\Pointer\Debug\rc.read.1.tlog
D:\SCU1819\SwDev5te\DataStruct\Pointer\Debug\rc.write.1.tlog
D:\SCU1819\SwDev5te\DataStruct\Pointer\Debug\vc100.idb
D:\SCU1819\SWDEV5TE\DATASTRUCT\POINTER\DEBUG\VC100.PDB
